#
# There is insufficient memory for the Java Runtime Environment to continue.
# Native memory allocation (mmap) failed to map 134217728 bytes for Failed to commit area from 0x0000000080e00000 to 0x0000000088e00000 of length 134217728.
# Possible reasons:
#   The system is out of physical RAM or swap space
#   The process is running with CompressedOops enabled, and the Java Heap may be blocking the growth of the native heap
# Possible solutions:
#   Reduce memory load on the system
#   Increase physical memory or swap space
#   Check if swap backing store is full
#   Decrease Java heap size (-Xmx/-Xms)
#   Decrease number of Java threads
#   Decrease Java thread stack sizes (-Xss)
#   Set larger code cache with -XX:ReservedCodeCacheSize=
# This output file may be truncated or incomplete.
#
#  Out of Memory Error (c:/BuildAgent/work/5ff2f6c26000d570/src/hotspot/os/windows/os_windows.cpp:3291), pid=14704, tid=15272
#
# JRE version:  (11.0.5+10) (build )
# Java VM: OpenJDK 64-Bit Server VM (11.0.5+10-b520.38, mixed mode, aot, sharing, tiered, compressed oops, g1 gc, windows-amd64)
# No core dump will be written. Minidumps are not enabled by default on client versions of Windows
#

---------------  S U M M A R Y ------------

Command Line: -XX:TieredStopAtLevel=1 -Xverify:none -Dspring.output.ansi.enabled=always -Dcom.sun.management.jmxremote -Dspring.jmx.enabled=true -Dspring.liveBeansView.mbeanDomain -Dspring.application.admin.enabled=true -javaagent:D:\Dev Apps\IntelliJ IDEA 2019.3.3\lib\idea_rt.jar=58995:D:\Dev Apps\IntelliJ IDEA 2019.3.3\bin -Dfile.encoding=UTF-8 com.avaloq.dicedemo.DiceDemoApplication

Host: Intel(R) Core(TM) i5-4590 CPU @ 3.30GHz, 4 cores, 7G,  Windows 10 , 64 bit Build 18362 (10.0.18362.329)
Time: Sat Mar 28 19:48:35 2020 Taipei Standard Time elapsed time: 0 seconds (0d 0h 0m 0s)

---------------  T H R E A D  ---------------

Current thread (0x000001b3d8381800):  JavaThread "Unknown thread" [_thread_in_vm, id=15272, stack(0x0000006a1f400000,0x0000006a1f500000)]

Stack: [0x0000006a1f400000,0x0000006a1f500000]
Native frames: (J=compiled Java code, j=interpreted, Vv=VM code, C=native code)
V  [jvm.dll+0x5dcafa]
V  [jvm.dll+0x70e375]
V  [jvm.dll+0x70f898]
V  [jvm.dll+0x70ff63]
V  [jvm.dll+0x23e238]
V  [jvm.dll+0x5da1c4]
V  [jvm.dll+0x5cf265]
V  [jvm.dll+0x2fac3b]
V  [jvm.dll+0x2fabaa]
V  [jvm.dll+0x2faa82]
V  [jvm.dll+0x2ff956]
V  [jvm.dll+0x3480d3]
V  [jvm.dll+0x3487d6]
V  [jvm.dll+0x3481d3]
V  [jvm.dll+0x2d5548]
V  [jvm.dll+0x2d66e7]
V  [jvm.dll+0x6ed237]
V  [jvm.dll+0x6eea2c]
V  [jvm.dll+0x355849]
V  [jvm.dll+0x6d239e]
V  [jvm.dll+0x3be283]
V  [jvm.dll+0x3c0701]
C  [jli.dll+0x5363]
C  [ucrtbase.dll+0x20e72]
C  [KERNEL32.DLL+0x17bd4]
C  [ntdll.dll+0x6ced1]


---------------  P R O C E S S  ---------------

Threads class SMR info:
_java_thread_list=0x000001b3d8149820, length=0, elements={
}

Java Threads: ( => current thread )

Other Threads:
  0x000001b3d839a000 GCTaskThread "GC Thread#0" [stack: 0x0000006a1f500000,0x0000006a1f600000] [id=11956]
  0x000001b3d83c9800 ConcurrentGCThread "G1 Main Marker" [stack: 0x0000006a1f600000,0x0000006a1f700000] [id=14484]
  0x000001b3d83cc000 ConcurrentGCThread "G1 Conc#0" [stack: 0x0000006a1f700000,0x0000006a1f800000] [id=13552]

[error occurred during error reporting (printing all threads), id 0xc0000005, EXCEPTION_ACCESS_VIOLATION (0xc0000005) at pc=0x00007ffb474f5c17]

VM state:not at safepoint (not fully initialized)

VM Mutex/Monitor currently owned by a thread:  ([mutex/lock_event])
[0x000001b3d83801d0] Heap_lock - owner thread: 0x000001b3d8381800

Heap address: 0x0000000080e00000, size: 2034 MB, Compressed Oops mode: Non-zero based: 0x0000000080e00000
Narrow klass base: 0x0000000000000000, Narrow klass shift: 0

GC Heap History (0 events):
No events

Deoptimization events (0 events):
No events

Classes redefined (0 events):
No events

Internal exceptions (0 events):
No events

Events (0 events):
No events


Dynamic libraries:
0x00007ff616300000 - 0x00007ff61630a000 	D:\Dev Apps\IntelliJ IDEA 2019.3.3\jbr\bin\java.exe
0x00007ffb65e40000 - 0x00007ffb66030000 	C:\WINDOWS\SYSTEM32\ntdll.dll
0x00007ffb64cc0000 - 0x00007ffb64d72000 	C:\WINDOWS\System32\KERNEL32.DLL
0x00007ffb63a50000 - 0x00007ffb63cf3000 	C:\WINDOWS\System32\KERNELBASE.dll
0x00007ffb63080000 - 0x00007ffb6317a000 	C:\WINDOWS\System32\ucrtbase.dll
0x00007ffb53410000 - 0x00007ffb53427000 	D:\Dev Apps\IntelliJ IDEA 2019.3.3\jbr\bin\VCRUNTIME140.dll
0x00007ffb53ed0000 - 0x00007ffb53ee9000 	D:\Dev Apps\IntelliJ IDEA 2019.3.3\jbr\bin\jli.dll
0x00007ffb63ef0000 - 0x00007ffb64084000 	C:\WINDOWS\System32\USER32.dll
0x00007ffb63980000 - 0x00007ffb639a1000 	C:\WINDOWS\System32\win32u.dll
0x00007ffb65430000 - 0x00007ffb65456000 	C:\WINDOWS\System32\GDI32.dll
0x00007ffb62dd0000 - 0x00007ffb62f64000 	C:\WINDOWS\System32\gdi32full.dll
0x00007ffb639b0000 - 0x00007ffb63a4e000 	C:\WINDOWS\System32\msvcp_win.dll
0x00007ffb56760000 - 0x00007ffb569e5000 	C:\WINDOWS\WinSxS\amd64_microsoft.windows.common-controls_6595b64144ccf1df_6.0.18362.720_none_e6beb5c51314836b\COMCTL32.dll
0x00007ffb64100000 - 0x00007ffb6419e000 	C:\WINDOWS\System32\msvcrt.dll
0x00007ffb65460000 - 0x00007ffb65796000 	C:\WINDOWS\System32\combase.dll
0x00007ffb64ba0000 - 0x00007ffb64cc0000 	C:\WINDOWS\System32\RPCRT4.dll
0x00007ffb63900000 - 0x00007ffb63980000 	C:\WINDOWS\System32\bcryptPrimitives.dll
0x00007ffb64480000 - 0x00007ffb644ae000 	C:\WINDOWS\System32\IMM32.DLL
0x00007ffb4fbd0000 - 0x00007ffb4fc6d000 	D:\Dev Apps\IntelliJ IDEA 2019.3.3\jbr\bin\msvcp140.dll
0x00007ffb47210000 - 0x00007ffb47ccb000 	D:\Dev Apps\IntelliJ IDEA 2019.3.3\jbr\bin\server\jvm.dll
0x00007ffb64d80000 - 0x00007ffb64e23000 	C:\WINDOWS\System32\ADVAPI32.dll
0x00007ffb65d60000 - 0x00007ffb65df7000 	C:\WINDOWS\System32\sechost.dll
0x00007ffb65390000 - 0x00007ffb65398000 	C:\WINDOWS\System32\PSAPI.DLL
0x00007ffb42b10000 - 0x00007ffb42b19000 	C:\WINDOWS\SYSTEM32\WSOCK32.dll
0x00007ffb64f70000 - 0x00007ffb64fdf000 	C:\WINDOWS\System32\WS2_32.dll
0x00007ffb5cca0000 - 0x00007ffb5ccaa000 	C:\WINDOWS\SYSTEM32\VERSION.dll
0x00007ffb60d70000 - 0x00007ffb60d94000 	C:\WINDOWS\SYSTEM32\WINMM.dll
0x00007ffb60d40000 - 0x00007ffb60d6d000 	C:\WINDOWS\SYSTEM32\WINMMBASE.dll
0x00007ffb63d00000 - 0x00007ffb63d4a000 	C:\WINDOWS\System32\cfgmgr32.dll
0x00007ffb62d90000 - 0x00007ffb62da1000 	C:\WINDOWS\System32\kernel.appcore.dll
0x00007ffb54150000 - 0x00007ffb54161000 	D:\Dev Apps\IntelliJ IDEA 2019.3.3\jbr\bin\verify.dll
0x00007ffb5bd20000 - 0x00007ffb5bf14000 	C:\WINDOWS\SYSTEM32\DBGHELP.DLL
0x00007ffb5bcf0000 - 0x00007ffb5bd1a000 	C:\WINDOWS\SYSTEM32\dbgcore.DLL
0x00007ffb53e30000 - 0x00007ffb53e59000 	D:\Dev Apps\IntelliJ IDEA 2019.3.3\jbr\bin\java.dll
0x00007ffb53ef0000 - 0x00007ffb53eff000 	D:\Dev Apps\IntelliJ IDEA 2019.3.3\jbr\bin\instrument.dll
0x00007ffb53fb0000 - 0x00007ffb53fc7000 	D:\Dev Apps\IntelliJ IDEA 2019.3.3\jbr\bin\zip.dll
0x00007ffb54340000 - 0x00007ffb5434b000 	D:\Dev Apps\IntelliJ IDEA 2019.3.3\jbr\bin\jimage.dll

dbghelp: loaded successfully - version: 4.0.5 - missing functions: none
symbol engine: initialized successfully - sym options: 0x614 - pdb path: .;D:\Dev Apps\IntelliJ IDEA 2019.3.3\jbr\bin;C:\WINDOWS\SYSTEM32;C:\WINDOWS\WinSxS\amd64_microsoft.windows.common-controls_6595b64144ccf1df_6.0.18362.720_none_e6beb5c51314836b;D:\Dev Apps\IntelliJ IDEA 2019.3.3\jbr\bin\server

VM Arguments:
jvm_args: -XX:TieredStopAtLevel=1 -Xverify:none -Dspring.output.ansi.enabled=always -Dcom.sun.management.jmxremote -Dspring.jmx.enabled=true -Dspring.liveBeansView.mbeanDomain -Dspring.application.admin.enabled=true -javaagent:D:\Dev Apps\IntelliJ IDEA 2019.3.3\lib\idea_rt.jar=58995:D:\Dev Apps\IntelliJ IDEA 2019.3.3\bin -Dfile.encoding=UTF-8 
java_command: com.avaloq.dicedemo.DiceDemoApplication
java_class_path (initial): C:\Users\Flint\IdeaProjects\dice-demo\target\classes;C:\Users\Flint\.m2\repository\org\springframework\boot\spring-boot-starter\2.2.6.RELEASE\spring-boot-starter-2.2.6.RELEASE.jar;C:\Users\Flint\.m2\repository\org\springframework\boot\spring-boot\2.2.6.RELEASE\spring-boot-2.2.6.RELEASE.jar;C:\Users\Flint\.m2\repository\org\springframework\spring-context\5.2.5.RELEASE\spring-context-5.2.5.RELEASE.jar;C:\Users\Flint\.m2\repository\org\springframework\boot\spring-boot-autoconfigure\2.2.6.RELEASE\spring-boot-autoconfigure-2.2.6.RELEASE.jar;C:\Users\Flint\.m2\repository\org\springframework\boot\spring-boot-starter-logging\2.2.6.RELEASE\spring-boot-starter-logging-2.2.6.RELEASE.jar;C:\Users\Flint\.m2\repository\ch\qos\logback\logback-classic\1.2.3\logback-classic-1.2.3.jar;C:\Users\Flint\.m2\repository\ch\qos\logback\logback-core\1.2.3\logback-core-1.2.3.jar;C:\Users\Flint\.m2\repository\org\apache\logging\log4j\log4j-to-slf4j\2.12.1\log4j-to-slf4j-2.12.1.jar;C:\Users\Flint\.m2\repository\org\apache\logging\log4j\log4j-api\2.12.1\log4j-api-2.12.1.jar;C:\Users\Flint\.m2\repository\org\slf4j\jul-to-slf4j\1.7.30\jul-to-slf4j-1.7.30.jar;C:\Users\Flint\.m2\repository\jakarta\annotation\jakarta.annotation-api\1.3.5\jakarta.annotation-api-1.3.5.jar;C:\Users\Flint\.m2\repository\org\springframework\spring-core\5.2.5.RELEASE\spring-core-5.2.5.RELEASE.jar;C:\Users\Flint\.m2\repository\org\springframework\spring-jcl\5.2.5.RELEASE\spring-jcl-5.2.5.RELEASE.jar;C:\Users\Flint\.m2\repository\org\yaml\snakeyaml\1.25\snakeyaml-1.25.jar;C:\Users\Flint\.m2\repository\org\projectlombok\lombok\1.18.12\lombok-1.18.12.jar;C:\Users\Flint\.m2\repository\org\slf4j\slf4j-api\1.7.30\slf4j-api-1.7.30.jar;C:\Users\Flint\.m2\repository\org\springframework\boot\spring-boot-starter-web\2.2.6.RELEASE\spring-boot-starter-web-2.2.6.RELEASE.jar;C:\Users\Flint\.m2\repository\org\springframework\boot\spring-boot-starter-json\2.2.6.RELEASE\spring-boot-starter-json-2.2.6.RELEASE.jar;
Launcher Type: SUN_STANDARD

[Global flags]
     bool BytecodeVerificationLocal                = false                                     {product} {command line}
     bool BytecodeVerificationRemote               = false                                     {product} {command line}
     intx CICompilerCount                          = 3                                         {product} {ergonomic}
     uint ConcGCThreads                            = 1                                         {product} {ergonomic}
     uint G1ConcRefinementThreads                  = 4                                         {product} {ergonomic}
   size_t G1HeapRegionSize                         = 1048576                                   {product} {ergonomic}
    uintx GCDrainStackTargetSize                   = 64                                        {product} {ergonomic}
   size_t InitialHeapSize                          = 134217728                                 {product} {ergonomic}
     bool ManagementServer                         = true                                      {product} {command line}
   size_t MarkStackSize                            = 4194304                                   {product} {ergonomic}
   size_t MaxHeapSize                              = 2132803584                                {product} {ergonomic}
   size_t MinHeapDeltaBytes                        = 1048576                                   {product} {ergonomic}
    uintx NonNMethodCodeHeapSize                   = 6973028                                {pd product} {ergonomic}
    uintx NonProfiledCodeHeapSize                  = 244685212                              {pd product} {ergonomic}
    uintx ProfiledCodeHeapSize                     = 0                                      {pd product} {ergonomic}
    uintx ReservedCodeCacheSize                    = 251658240                              {pd product} {ergonomic}
     bool SegmentedCodeCache                       = true                                      {product} {ergonomic}
     intx TieredStopAtLevel                        = 1                                         {product} {command line}
     bool UseCompressedClassPointers               = true                                 {lp64_product} {ergonomic}
     bool UseCompressedOops                        = true                                 {lp64_product} {ergonomic}
     bool UseG1GC                                  = true                                      {product} {ergonomic}
     bool UseLargePagesIndividualAllocation        = false                                  {pd product} {ergonomic}

Logging:
Log output configuration:
 #0: stdout all=warning uptime,level,tags
 #1: stderr all=off uptime,level,tags

Environment Variables:
JAVA_HOME=C:\Program Files\Java\jdk1.8.0_201
PATH=C:\Program Files\Java\jdk1.8.0_171\bin;E:\jba\apache-maven-3.3.9\bin;E:\jba\tools\sonarqube-scanner-2.8\bin;C:\ProgramData\Oracle\Java\javapath;C:\Program Files\Common Files\Microsoft Shared\Windows Live;C:\Program Files (x86)\Common Files\Microsoft Shared\Windows Live;C:\Program Files (x86)\Intel\iCLS Client\;C:\Program Files\Intel\iCLS Client\;C:\Windows\system32;C:\Windows;C:\Windows\System32\Wbem;C:\Windows\System32\WindowsPowerShell\v1.0\;C:\Program Files\Intel\Intel(R) Management Engine Components\DAL;C:\Program Files (x86)\Intel\Intel(R) Management Engine Components\DAL;C:\Program Files\Intel\Intel(R) Management Engine Components\IPT;C:\Program Files (x86)\Intel\Intel(R) Management Engine Components\IPT;C:\Program Files\Java\jdk1.7.0_79\bin;C:\DevTools\Xerces-J-tools.2.11.0\tools\xalan.jar;C:\DevTools\Xerces-J-tools.2.11.0\tools\s;C:\Program Files\NVIDIA Corporation\NVIDIA NvDLISR;C:\WINDOWS\system32;C:\WINDOWS;C:\WINDOWS\System32\Wbem;C:\WINDOWS\System32\WindowsPowerShell\v1.0\;C:\WINDOWS\System32\OpenSSH\;C:\Users\Flint\AppData\Local\Microsoft\WindowsApps;C:\Users\Flint\AppData\Local\Google\Cloud SDK\google-cloud-sdk\bin;C:\DevTools\platform-tools;C:\DevTools\minishift-1.34.1-windows-amd64;
USERNAME=Flint
OS=Windows_NT
PROCESSOR_IDENTIFIER=Intel64 Family 6 Model 60 Stepping 3, GenuineIntel



---------------  S Y S T E M  ---------------

OS: Windows 10 , 64 bit Build 18362 (10.0.18362.329)

CPU:total 4 (initial active 4) (4 cores per cpu, 1 threads per core) family 6 model 60 stepping 3, cmov, cx8, fxsr, mmx, sse, sse2, sse3, ssse3, sse4.1, sse4.2, popcnt, avx, avx2, aes, clmul, erms, lzcnt, tsc, tscinvbit, bmi1, bmi2, fma

Memory: 4k page, system-wide physical 8135M (2051M free)
TotalPageFile size 9159M (AvailPageFile size 65M)
current process WorkingSet (physical memory assigned to process): 10M, peak: 10M
current process commit charge ("private bytes"): 49M, peak: 177M

vm_info: OpenJDK 64-Bit Server VM (11.0.5+10-b520.38) for windows-amd64 JRE (11.0.5+10-b520.38), built on Jan 23 2020 07:58:32 by "" with MS VC++ 14.0 (VS2015)

END.
